### Usuario Real: 1 | Usuario Previsto: [1] | Match: True | Data: 23/04/2021 21:38:58 
### Usuario Real: 1 | Usuario Previsto: [1] | Match: True | Data: 23/04/2021 21:43:42 
### Usuario Real: 1 | Usuario Previsto: [1] | Match: True | Data: 23/04/2021 21:44:43 
### Usuario Real: 1 | Usuario Previsto: [1] | Match: True | Data: 23/04/2021 21:49:07 
### Usuario Real: 1 | Usuario Previsto: [1] | Match: True | Data: 23/04/2021 21:50:59 
### Usuario Real: 1 | Usuario Previsto: [1] | Match: True | Data: 23/04/2021 21:52:05 
### Usuario Real: 1 | Usuario Previsto: [1] | Match: True | Data: 23/04/2021 21:53:13 
### Usuario Real: 1 | Usuario Previsto: [1] | Match: True | Data: 23/04/2021 21:53:45 
### Usuario Real: 1 | Usuario Previsto: [1] | Match: True | Data: 23/04/2021 21:56:30 
### Usuario Real: 1 | Usuario Previsto: [1] | Match: True | Data: 23/04/2021 21:59:57 
### Usuario Real: 1 | Usuario Previsto: [1] | Match: True | Data: 23/04/2021 22:01:42 
### Usuario Real: 1 | Usuario Previsto: [1] | Match: True | Data: 23/04/2021 22:03:47 
### Usuario Real: 1 | Usuario Previsto: [1] | Match: True | Data: 23/04/2021 23:04:21 
### Usuario Real: 1 | Usuario Previsto: [1] | Match: True | Data: 23/04/2021 23:07:42 
### Usuario Real: 1 | Usuario Previsto: [1] | Match: True | Data: 23/04/2021 23:33:39 
### Usuario Real: 2 | Usuario Previsto: [2] | Match: True | Data: 23/04/2021 23:35:07 
### Usuario Real: 2 | Usuario Previsto: [1] | Match: False | Data: 23/04/2021 23:37:20 
### Usuario Real: 1 | Usuario Previsto: ['1'] | Match: True | Data: 26/04/2021 07:40:24 
### Usuario Real: 1 | Usuario Previsto: ['1'] | Match: True | Data: 26/04/2021 07:48:20 
### Usuario Real: 1 | Usuario Previsto: ['1'] | Match: True | Data: 26/04/2021 07:50:25 
### Usuario Real: 1 | Usuario Previsto: ['1'] | Match: True | Data: 26/04/2021 07:51:40 
### Usuario Real: 1 | Usuario Previsto: ['1'] | Match: True | Data: 26/04/2021 07:54:29 
### Usuario Real: 1 | Usuario Previsto: ['1'] | Match: True | Data: 27/04/2021 16:50:05 
### Usuario Real: 1 | Usuario Previsto: ['1'] | Match: True | Data: 27/04/2021 16:57:49 
### Usuario Real: 1 | Usuario Previsto: ['1'] | Match: True | Data: 27/04/2021 17:03:08 
### Usuario Real: 21 | Usuario Previsto: ['21'] | Match: True | Data: 27/04/2021 17:19:48 
### Usuario Real: 21 | Usuario Previsto: ['1'] | Match: False | Data: 27/04/2021 17:21:42 
### Usuario Real: 21 | Usuario Previsto: ['1'] | Match: False | Data: 27/04/2021 17:22:32 
### Usuario Real: 1 | Usuario Previsto: ['1'] | Match: True | Data: 27/04/2021 17:38:42 
### Usuario Real: 23 | Usuario Previsto: ['23'] | Match: True | Data: 27/04/2021 17:39:19 
### Usuario Real: 1 | Usuario Previsto: ['1'] | Match: True | Data: 27/04/2021 17:43:56 
### Usuario Real: 1 | Usuario Previsto: ['1'] | Match: True | Data: 27/04/2021 19:45:49 
### Usuario Real: 1 | Usuario Previsto: ['1'] | Match: True | Data: 27/04/2021 19:47:23 
### Usuario Real: 1 | Usuario Previsto: ['1'] | Match: True | Data: 27/04/2021 19:50:43 
### Usuario Real: 1 | Usuario Previsto: ['1'] | Match: True | Data: 27/04/2021 19:59:00 
### Usuario Real: 1 | Usuario Previsto: ['1'] | Match: True | Data: 27/04/2021 20:14:02 
### Usuario Real: 1 | Usuario Previsto: ['1'] | Match: True | Data: 27/04/2021 20:31:51 
### Usuario Real: 1 | Usuario Previsto: ['1'] | Match: True | Data: 27/04/2021 20:43:06 
### Usuario Real: 1 | Usuario Previsto: ['1'] | Match: True | Data: 27/04/2021 20:45:52 
### Usuario Real: 1 | Usuario Previsto: ['1'] | Match: True | Data: 27/04/2021 20:52:48 
### Usuario Real: 1 | Usuario Previsto: ['1'] | Match: True | Data: 27/04/2021 22:18:13 
### Usuario Real: 1 | Usuario Previsto: ['1'] | Algoritimo: knn_manhattan_s | Match: True | Data: 27/04/2021 22:23:37 
[+]  Usuario Real: 1 | Usuario Previsto: ['1'] | Algoritimo: knn_manhattan_s | Match: True | Data: 27/04/2021 22:28:54 
[+]  Best Score: 0.9090909090909092 |  Best Params: {'leaf_size': 1, 'n_neighbors': 3, 'p': 1, 'weights': 'distance'} |  Best Estimator: KNeighborsClassifier(leaf_size=1, n_neighbors=3, p=1, weights='distance')
[+]  Usuario Real: 1 | Usuario Previsto: ['1'] | Algoritimo: knn_manhattan_s | Match: True | Data: 27/04/2021 22:53:30 
[+]  Usuario Real: 1 | Usuario Previsto: ['1'] | Algoritimo: knn_manhattan_s | Match: True | Data: 27/04/2021 22:58:06 
[+]  Usuario Real: 1 | Usuario Previsto: ['1'] | Algoritimo: knn_manhattan_s | Match: True | Data: 27/04/2021 23:03:00 
[+]  Usuario Real: 1 | Usuario Previsto: ['1'] | Algoritimo: knn_manhattan_s | Match: True | Data: 27/04/2021 23:05:58 
[+]  Usuario Real: 1 | Usuario Previsto: ['1'] | Algoritimo: knn_manhattan_s | Match: True | Data: 27/04/2021 23:07:29 
[+]  Usuario Real: 1 | Usuario Previsto: ['1'] | Algoritimo: knn_manhattan_s | Match: True | Cross Val Result: 0.8181818181818183 | Data: 27/04/2021 23:10:21 
[+]  Usuario Real: 1 | Usuario Previsto: ['1'] | Algoritimo: knn_manhattan_s | Match: True | Cross Val Result: 0.8181818181818183 | Data: 27/04/2021 23:11:34 
[+]  Usuario Real: 1 | Usuario Previsto: ['1'] | Algoritimo: knn_manhattan_s | Valor de K: 3 | Match: True | Cross Val Result: 0.8181818181818183 | Data: 27/04/2021 23:19:42 
[+]  Usuario Real: 1 | Usuario Previsto: ['1'] | Algoritimo: knn_manhattan_s | Valor de K: 3 | Match: True | Cross Val Result: 81.81818181818184 | Data: 27/04/2021 23:21:30 
[+]  Usuario Real: 1 | Usuario Previsto: ['1'] | Algoritimo: knn_manhattan_s | Valor de K: 4 | Match: True | Cross Val Result: 0.8 | Data: 27/04/2021 23:33:04 
[+]  Usuario Real: 1 | Usuario Previsto: ['1'] | Algoritimo: knn_manhattan_s | Valor de K: 5 | Match: True | Cross Val Result: 0.7272727272727273 | Data: 27/04/2021 23:33:31 
[+]  Usuario Real: 1 | Usuario Previsto: ['1'] | Algoritimo: knn_manhattan_s | Valor de K: 5 | Match: True | Cross Val Result: 0.7272727272727273 | Data: 27/04/2021 23:44:14 
[+]  Usuario Real: 1 | Usuario Previsto: ['1'] | Algoritimo: knn_manhattan_s | Valor de K: 5 | Match: True | Cross Val Result: None | Data: 27/04/2021 23:45:56 
[+]  Usuario Real: 1 | Usuario Previsto: ['1'] | Algoritimo: knn_manhattan_s | Valor de K: 5 | Match: True | Cross Val Result: None | Data: 27/04/2021 23:46:44 
[+]  Usuario Real: 1 | Usuario Previsto: ['1'] | Algoritimo: knn_manhattan_s | Valor de K: 5 | Match: True | Cross Val Result: None | Data: 27/04/2021 23:47:43 
[+]  Usuario Real: 1 | Usuario Previsto: ['1'] | Algoritimo: knn_manhattan_s | Valor de K: 5 | Match: True | Cross Val Result: None | Data: 28/04/2021 00:00:03 
[+]  Usuario Real: 1 | Usuario Previsto: ['1'] | Algoritimo: knn_manhattan_s | Valor de K: 5 | Match: True | Cross Val Result: None | Data: 28/04/2021 00:05:23 
[+]  Usuario Real: 1 | Usuario Previsto: ['1'] | Algoritimo: knn_manhattan_s | Valor de K: 5 | Match: True | Cross Val Result: None | Data: 28/04/2021 00:06:44 
[+]  Usuario Real: 1 | Usuario Previsto: ['1'] | Algoritimo: knn_manhattan_s | Valor de K: 5 | Match: True | Cross Val Result: None | Data: 28/04/2021 00:08:09 
[+]  Usuario Real: 1 | Usuario Previsto: ['1'] | Algoritimo: knn_manhattan_s | Valor de K: 3 | Match: True | Cross Val Result: None | Data: 28/04/2021 00:08:49 
[+]  Usuario Real: 1 | Usuario Previsto: ['1'] | Algoritimo: knn_manhattan_s | Valor de K: 3 | Match: True | Cross Val Result: 81.81818181818184 | Data: 28/04/2021 00:11:22 
[+]  Usuario Real: 1 | Usuario Previsto: ['1'] | Algoritimo: knn_manhattan_s | Valor de K: 3 | Match: True | Accuracy: 81.81818181818184 | Data: 28/04/2021 00:13:45 
[+]  Usuario Real: 1 | Usuario Previsto: ['1'] | Algoritimo: knn_manhattan_s | Valor de K: 3 | Match: True | Accuracy: 81.81818181818184 | Data: 28/04/2021 00:18:51 
[+]  Best Score: 0.9090909090909092 |  Best Params: {'leaf_size': 1, 'n_neighbors': 3, 'p': 1, 'weights': 'distance'} |  Best Estimator: KNeighborsClassifier(leaf_size=1, n_neighbors=3, p=1, weights='distance') | Data: 29/04/2021 20:39:45 
[+]  Usuario Real: 1 | Usuario Previsto: ['1'] | Algoritimo: knn_manhattan_s | Valor de K: 3 | Match: True | Accuracy: 81.81818181818184 | Data: 29/04/2021 20:47:06 
[+]  Usuario Real: 1 | Usuario Previsto: ['1'] | Algoritimo: knn_manhattan_s | Valor de K: 3 | Match: True | Accuracy: nan | Data: 29/04/2021 20:47:55 
[+]  Usuario Real: 25 | Usuario Previsto: ['25'] | Algoritimo: knn_manhattan_s | Valor de K: 3 | Match: True | Accuracy: 80.0 | Data: 03/05/2021 18:00:06 
[+]  Usuario Real: 25 | Usuario Previsto: ['13'] | Algoritimo: knn_manhattan_s | Valor de K: 3 | Match: False | Accuracy: 80.0 | Data: 03/05/2021 18:01:27 
[+]  Usuario Real: 25 | Usuario Previsto: ['25'] | Algoritimo: knn_manhattan_s | Valor de K: 3 | Match: True | Accuracy: 80.0 | Data: 03/05/2021 18:02:25 
[+]  Usuario Real: 25 | Usuario Previsto: ['3'] | Algoritimo: knn_manhattan_s | Valor de K: 3 | Match: False | Accuracy: 80.0 | Data: 03/05/2021 18:03:11 
[+]  Usuario Real: 25 | Usuario Previsto: ['3'] | Algoritimo: knn_manhattan_s | Valor de K: 3 | Match: False | Accuracy: 80.0 | Data: 03/05/2021 18:04:02 
[+]  Usuario Real: 27 | Usuario Previsto: ['27'] | Algoritimo: knn_manhattan_s | Valor de K: 3 | Match: True | Accuracy: 77.14285714285715 | Data: 03/05/2021 18:11:43 
[+]  Best Score: 0.8714285714285716 |  Best Params: {'leaf_size': 1, 'n_neighbors': 3, 'p': 1, 'weights': 'distance'} |  Best Estimator: KNeighborsClassifier(leaf_size=1, n_neighbors=3, p=1, weights='distance') | Data: 03/05/2021 18:13:38 
[+]  Usuario Real: 1 | Usuario Previsto: ['1'] | Algoritimo: knn_manhattan_s | Valor de K: 3 | Match: True | Accuracy: 77.33333333333333 | Data: 03/05/2021 20:53:33 
[+]  Best Score: 0.8800000000000001 |  Best Params: {'leaf_size': 1, 'n_neighbors': 4, 'p': 1, 'weights': 'distance'} |  Best Estimator: KNeighborsClassifier(leaf_size=1, n_neighbors=4, p=1, weights='distance') | Data: 03/05/2021 20:54:48 
[+]  Usuario Real: 1 | Usuario Previsto: ['1'] | Algoritimo: knn_manhattan_s | Valor de K: 3 | Match: True | Accuracy: 78.75 | Data: 03/05/2021 23:01:07 
[+]  Usuario Real: 1 | Usuario Previsto: ['1'] | Algoritimo: knn_manhattan_s | Valor de K: 3 | Match: True | Accuracy: 78.75 | Data: 04/05/2021 19:47:21 
[+]  Usuario Real: 1 | Usuario Previsto: ['1'] | Algoritimo: knn_manhattan_s | Valor de K: 4 | Match: True | Accuracy: 77.5 | Data: 04/05/2021 19:58:05 
[+]  Best Score: 0.8875 |  Best Params: {'leaf_size': 1, 'n_neighbors': 4, 'p': 1, 'weights': 'distance'} |  Best Estimator: KNeighborsClassifier(leaf_size=1, n_neighbors=4, p=1, weights='distance') | Data: 04/05/2021 20:00:06 
[+]  Usuario Real: 1 | Usuario Previsto: ['1'] | Algoritimo: knn_manhattan_s | Valor de K: 3 | Match: True | Accuracy: 78.75 | Data: 04/05/2021 20:04:21 
[+]  Usuario Real: 1 | Usuario Previsto: ['1'] | Algoritimo: knn_manhattan_s | Valor de K: 3 | Match: True | Accuracy: 78.75 | Data: 05/05/2021 21:25:59 
[+]  Usuario Real: 1 | Usuario Previsto: ['1'] | Algoritimo: knn_manhattan_s | Valor de K: 3 | Match: True | Accuracy: 80.0 | Data: 07/05/2021 01:54:12 
[+]  Usuario Real: 1 | Usuario Previsto: ['1'] | Algoritimo: knn_manhattan_s | Valor de K: 3 | Match: True | Accuracy: 80.0 | Data: 07/05/2021 02:01:05 
